2024-08-27 21:00:11,113 - ERROR - WebDriver Error: Message: 
Stacktrace:
	GetHandleVerifier [0x00007FF767979642+30946]
	(No symbol) [0x00007FF76792E3D9]
	(No symbol) [0x00007FF767826FDA]
	(No symbol) [0x00007FF76787822C]
	(No symbol) [0x00007FF76787850C]
	(No symbol) [0x00007FF7678BDCB7]
	(No symbol) [0x00007FF76789CAAF]
	(No symbol) [0x00007FF7678BB041]
	(No symbol) [0x00007FF76789C813]
	(No symbol) [0x00007FF76786A6E5]
	(No symbol) [0x00007FF76786B021]
	GetHandleVerifier [0x00007FF767AAF84D+1301229]
	GetHandleVerifier [0x00007FF767ABBDC7+1351783]
	GetHandleVerifier [0x00007FF767AB2A13+1313971]
	GetHandleVerifier [0x00007FF7679ADD16+245686]
	(No symbol) [0x00007FF76793759F]
	(No symbol) [0x00007FF767933814]
	(No symbol) [0x00007FF7679339A2]
	(No symbol) [0x00007FF76792A3FF]
	BaseThreadInitThunk [0x00007FF8412F257D+29]
	RtlUserThreadStart [0x00007FF8426EAF28+40]

2024-08-27 21:02:48,976 - ERROR - Failed to send message to +923034578075: Message: 
Stacktrace:
	GetHandleVerifier [0x00007FF767979642+30946]
	(No symbol) [0x00007FF76792E3D9]
	(No symbol) [0x00007FF767826FDA]
	(No symbol) [0x00007FF76787822C]
	(No symbol) [0x00007FF76787850C]
	(No symbol) [0x00007FF7678BDCB7]
	(No symbol) [0x00007FF76789CAAF]
	(No symbol) [0x00007FF7678BB041]
	(No symbol) [0x00007FF76789C813]
	(No symbol) [0x00007FF76786A6E5]
	(No symbol) [0x00007FF76786B021]
	GetHandleVerifier [0x00007FF767AAF84D+1301229]
	GetHandleVerifier [0x00007FF767ABBDC7+1351783]
	GetHandleVerifier [0x00007FF767AB2A13+1313971]
	GetHandleVerifier [0x00007FF7679ADD16+245686]
	(No symbol) [0x00007FF76793759F]
	(No symbol) [0x00007FF767933814]
	(No symbol) [0x00007FF7679339A2]
	(No symbol) [0x00007FF76792A3FF]
	BaseThreadInitThunk [0x00007FF8412F257D+29]
	RtlUserThreadStart [0x00007FF8426EAF28+40]

2024-08-27 21:06:43,528 - ERROR - Failed to send message to +923034578075: Message: 
Stacktrace:
	GetHandleVerifier [0x00007FF767979642+30946]
	(No symbol) [0x00007FF76792E3D9]
	(No symbol) [0x00007FF767826FDA]
	(No symbol) [0x00007FF76787822C]
	(No symbol) [0x00007FF76787850C]
	(No symbol) [0x00007FF7678BDCB7]
	(No symbol) [0x00007FF76789CAAF]
	(No symbol) [0x00007FF7678BB041]
	(No symbol) [0x00007FF76789C813]
	(No symbol) [0x00007FF76786A6E5]
	(No symbol) [0x00007FF76786B021]
	GetHandleVerifier [0x00007FF767AAF84D+1301229]
	GetHandleVerifier [0x00007FF767ABBDC7+1351783]
	GetHandleVerifier [0x00007FF767AB2A13+1313971]
	GetHandleVerifier [0x00007FF7679ADD16+245686]
	(No symbol) [0x00007FF76793759F]
	(No symbol) [0x00007FF767933814]
	(No symbol) [0x00007FF7679339A2]
	(No symbol) [0x00007FF76792A3FF]
	BaseThreadInitThunk [0x00007FF8412F257D+29]
	RtlUserThreadStart [0x00007FF8426EAF28+40]

2024-08-27 21:12:26,629 - ERROR - Failed to send message to +923034578075: Message: 
Stacktrace:
	GetHandleVerifier [0x00007FF767979642+30946]
	(No symbol) [0x00007FF76792E3D9]
	(No symbol) [0x00007FF767826FDA]
	(No symbol) [0x00007FF76787822C]
	(No symbol) [0x00007FF76787850C]
	(No symbol) [0x00007FF7678BDCB7]
	(No symbol) [0x00007FF76789CAAF]
	(No symbol) [0x00007FF7678BB041]
	(No symbol) [0x00007FF76789C813]
	(No symbol) [0x00007FF76786A6E5]
	(No symbol) [0x00007FF76786B021]
	GetHandleVerifier [0x00007FF767AAF84D+1301229]
	GetHandleVerifier [0x00007FF767ABBDC7+1351783]
	GetHandleVerifier [0x00007FF767AB2A13+1313971]
	GetHandleVerifier [0x00007FF7679ADD16+245686]
	(No symbol) [0x00007FF76793759F]
	(No symbol) [0x00007FF767933814]
	(No symbol) [0x00007FF7679339A2]
	(No symbol) [0x00007FF76792A3FF]
	BaseThreadInitThunk [0x00007FF8412F257D+29]
	RtlUserThreadStart [0x00007FF8426EAF28+40]

2024-08-27 21:15:35,643 - ERROR - WebDriver Error: Message: no such window: target window already closed
from unknown error: web view not found
  (Session info: chrome=127.0.6533.120)
Stacktrace:
	GetHandleVerifier [0x00007FF767979642+30946]
	(No symbol) [0x00007FF76792E3D9]
	(No symbol) [0x00007FF767826FDA]
	(No symbol) [0x00007FF7677FCB85]
	(No symbol) [0x00007FF7678A37A7]
	(No symbol) [0x00007FF7678BA771]
	(No symbol) [0x00007FF76789C813]
	(No symbol) [0x00007FF76786A6E5]
	(No symbol) [0x00007FF76786B021]
	GetHandleVerifier [0x00007FF767AAF84D+1301229]
	GetHandleVerifier [0x00007FF767ABBDC7+1351783]
	GetHandleVerifier [0x00007FF767AB2A13+1313971]
	GetHandleVerifier [0x00007FF7679ADD16+245686]
	(No symbol) [0x00007FF76793759F]
	(No symbol) [0x00007FF767933814]
	(No symbol) [0x00007FF7679339A2]
	(No symbol) [0x00007FF76792A3FF]
	BaseThreadInitThunk [0x00007FF8412F257D+29]
	RtlUserThreadStart [0x00007FF8426EAF28+40]

2024-08-27 21:17:15,223 - ERROR - WebDriver Error: Message: stale element reference: stale element not found in the current frame
  (Session info: chrome=127.0.6533.120); For documentation on this error, please visit: https://www.selenium.dev/documentation/webdriver/troubleshooting/errors#stale-element-reference-exception
Stacktrace:
	GetHandleVerifier [0x00007FF767979642+30946]
	(No symbol) [0x00007FF76792E3D9]
	(No symbol) [0x00007FF767826FDA]
	(No symbol) [0x00007FF76782DA57]
	(No symbol) [0x00007FF76782FD31]
	(No symbol) [0x00007FF76782FDD0]
	(No symbol) [0x00007FF76787A3AB]
	(No symbol) [0x00007FF7678793D7]
	(No symbol) [0x00007FF76786C271]
	(No symbol) [0x00007FF76789CA6A]
	(No symbol) [0x00007FF76786BBB6]
	(No symbol) [0x00007FF76789CC80]
	(No symbol) [0x00007FF7678BB041]
	(No symbol) [0x00007FF76789C813]
	(No symbol) [0x00007FF76786A6E5]
	(No symbol) [0x00007FF76786B021]
	GetHandleVerifier [0x00007FF767AAF84D+1301229]
	GetHandleVerifier [0x00007FF767ABBDC7+1351783]
	GetHandleVerifier [0x00007FF767AB2A13+1313971]
	GetHandleVerifier [0x00007FF7679ADD16+245686]
	(No symbol) [0x00007FF76793759F]
	(No symbol) [0x00007FF767933814]
	(No symbol) [0x00007FF7679339A2]
	(No symbol) [0x00007FF76792A3FF]
	BaseThreadInitThunk [0x00007FF8412F257D+29]
	RtlUserThreadStart [0x00007FF8426EAF28+40]

2024-08-27 21:19:15,354 - ERROR - WebDriver Error: Message: stale element reference: stale element not found in the current frame
  (Session info: chrome=127.0.6533.120); For documentation on this error, please visit: https://www.selenium.dev/documentation/webdriver/troubleshooting/errors#stale-element-reference-exception
Stacktrace:
	GetHandleVerifier [0x00007FF767979642+30946]
	(No symbol) [0x00007FF76792E3D9]
	(No symbol) [0x00007FF767826FDA]
	(No symbol) [0x00007FF76782DA57]
	(No symbol) [0x00007FF76782FD31]
	(No symbol) [0x00007FF76782FDD0]
	(No symbol) [0x00007FF76787A3AB]
	(No symbol) [0x00007FF7678793D7]
	(No symbol) [0x00007FF76786C271]
	(No symbol) [0x00007FF76789CA6A]
	(No symbol) [0x00007FF76786BBB6]
	(No symbol) [0x00007FF76789CC80]
	(No symbol) [0x00007FF7678BB041]
	(No symbol) [0x00007FF76789C813]
	(No symbol) [0x00007FF76786A6E5]
	(No symbol) [0x00007FF76786B021]
	GetHandleVerifier [0x00007FF767AAF84D+1301229]
	GetHandleVerifier [0x00007FF767ABBDC7+1351783]
	GetHandleVerifier [0x00007FF767AB2A13+1313971]
	GetHandleVerifier [0x00007FF7679ADD16+245686]
	(No symbol) [0x00007FF76793759F]
	(No symbol) [0x00007FF767933814]
	(No symbol) [0x00007FF7679339A2]
	(No symbol) [0x00007FF76792A3FF]
	BaseThreadInitThunk [0x00007FF8412F257D+29]
	RtlUserThreadStart [0x00007FF8426EAF28+40]

2024-08-27 21:28:58,631 - ERROR - WebDriver Error: Message: stale element reference: stale element not found in the current frame
  (Session info: chrome=127.0.6533.120); For documentation on this error, please visit: https://www.selenium.dev/documentation/webdriver/troubleshooting/errors#stale-element-reference-exception
Stacktrace:
	GetHandleVerifier [0x00007FF767979642+30946]
	(No symbol) [0x00007FF76792E3D9]
	(No symbol) [0x00007FF767826FDA]
	(No symbol) [0x00007FF76782DA57]
	(No symbol) [0x00007FF76782FD31]
	(No symbol) [0x00007FF76782FDD0]
	(No symbol) [0x00007FF76787A3AB]
	(No symbol) [0x00007FF7678793D7]
	(No symbol) [0x00007FF76786C271]
	(No symbol) [0x00007FF76789CA6A]
	(No symbol) [0x00007FF76786BBB6]
	(No symbol) [0x00007FF76789CC80]
	(No symbol) [0x00007FF7678BB041]
	(No symbol) [0x00007FF76789C813]
	(No symbol) [0x00007FF76786A6E5]
	(No symbol) [0x00007FF76786B021]
	GetHandleVerifier [0x00007FF767AAF84D+1301229]
	GetHandleVerifier [0x00007FF767ABBDC7+1351783]
	GetHandleVerifier [0x00007FF767AB2A13+1313971]
	GetHandleVerifier [0x00007FF7679ADD16+245686]
	(No symbol) [0x00007FF76793759F]
	(No symbol) [0x00007FF767933814]
	(No symbol) [0x00007FF7679339A2]
	(No symbol) [0x00007FF76792A3FF]
	BaseThreadInitThunk [0x00007FF8412F257D+29]
	RtlUserThreadStart [0x00007FF8426EAF28+40]

2024-08-28 17:17:45,342 - ERROR - WebDriver Error: Message: no such window: target window already closed
from unknown error: web view not found
  (Session info: chrome=127.0.6533.122)
Stacktrace:
	GetHandleVerifier [0x00007FF7BDA19642+30946]
	(No symbol) [0x00007FF7BD9CE3D9]
	(No symbol) [0x00007FF7BD8C6FDA]
	(No symbol) [0x00007FF7BD89CB85]
	(No symbol) [0x00007FF7BD9437A7]
	(No symbol) [0x00007FF7BD95A771]
	(No symbol) [0x00007FF7BD93C813]
	(No symbol) [0x00007FF7BD90A6E5]
	(No symbol) [0x00007FF7BD90B021]
	GetHandleVerifier [0x00007FF7BDB4F84D+1301229]
	GetHandleVerifier [0x00007FF7BDB5BDC7+1351783]
	GetHandleVerifier [0x00007FF7BDB52A13+1313971]
	GetHandleVerifier [0x00007FF7BDA4DD16+245686]
	(No symbol) [0x00007FF7BD9D759F]
	(No symbol) [0x00007FF7BD9D3814]
	(No symbol) [0x00007FF7BD9D39A2]
	(No symbol) [0x00007FF7BD9CA3FF]
	BaseThreadInitThunk [0x00007FFF2331257D+29]
	RtlUserThreadStart [0x00007FFF2562AF28+40]

